In undefined env !
Redis version greater than or equal to 2.8.18 Required !
Server running on PORT 5000 4/24/2025, 2:31:12 PM
gcc-oj-container Id : b3434a1e8ea1ad46a2ab0b3949de8c54d8ce8a3881bb76c285d74bd9f4291907
py-oj-container Id : cfe260bbb19b9ca4ab625eed1371d2d1053e60fc2d6ffe6693e6a9b2b4a7aeb6
js-oj-container Id : 4be7696a692ef52b6c64fbcb8affd3295e7353f93d657de6776d3bdf334577c7
java-oj-container Id : d3f794a29e3ecafb0112704a8b6e554f53aaae04d60a4b5867745f18efdaf35b

All Containers Initialized
GET /loggedIn 4/24/2025, 2:31:19 PM
GET /problems 4/24/2025, 2:31:19 PM
GET /problems 4/24/2025, 2:31:22 PM
GET /loggedIn 4/24/2025, 2:31:22 PM
GET /problems 4/24/2025, 2:31:59 PM
GET /loggedIn 4/24/2025, 2:31:59 PM
GET /problems 4/24/2025, 2:32:07 PM
GET /loggedIn 4/24/2025, 2:32:07 PM
POST /register 4/24/2025, 2:32:40 PM
GET /leaderboard 4/24/2025, 2:32:44 PM
GET /loggedIn 4/24/2025, 2:32:50 PM
POST /login 4/24/2025, 2:33:04 PM
GET /loggedIn 4/24/2025, 2:33:14 PM
In undefined env !
Redis version greater than or equal to 2.8.18 Required !
Server running on PORT 5000 4/24/2025, 2:34:46 PM
Deleted(stopped) : py-oj-container

Deleted(stopped) : js-oj-container

Deleted(stopped) : java-oj-container

Deleted(stopped) : gcc-oj-container

Database Connected !!!
POST /login 4/24/2025, 2:34:59 PM
GET /loggedIn 4/24/2025, 2:34:59 PM
POST /register 4/24/2025, 2:35:26 PM
GET /loggedIn 4/24/2025, 2:35:27 PM
GET /leaderboard 4/24/2025, 2:35:32 PM
GET /leaderboard 4/24/2025, 2:35:35 PM
GET /allNotes 4/24/2025, 2:35:49 PM
GET /680209a962fda022b46e3001?noteid=680209a962fda022b46e3005 4/24/2025, 2:35:51 PM
Note:  Sample Note
In undefined env !
Redis version greater than or equal to 2.8.18 Required !
Server running on PORT 5000 4/24/2025, 2:37:01 PM
Deleted(stopped) : js-oj-container

Deleted(stopped) : py-oj-container

Database Connected !!!
GET /problems 4/24/2025, 2:37:37 PM
GET /loggedIn 4/24/2025, 2:37:37 PM
POST /problems/6801fca526bbb59562c82e24 4/24/2025, 2:37:49 PM
GET /status/6809ff65e9f9bed10c8bbefa 4/24/2025, 2:37:51 PM
GET /status/6809ff65e9f9bed10c8bbefa 4/24/2025, 2:37:52 PM
Unlinked : 5109448c-4c44-4107-90f4-a85acb35a762.cpp
Unlinked : 5109448c-4c44-4107-90f4-a85acb35a762.out
GET /status/6809ff65e9f9bed10c8bbefa 4/24/2025, 2:37:53 PM
POST /problems/6801fca526bbb59562c82e24 4/24/2025, 2:38:14 PM
GET /status/6809ff7ee9f9bed10c8bbf10 4/24/2025, 2:38:15 PM
GET /status/6809ff7ee9f9bed10c8bbf10 4/24/2025, 2:38:16 PM
Unlinked : 3e2bf392-0f67-4807-aaaa-4306f87a3bcf.cpp
Unlinked : 3e2bf392-0f67-4807-aaaa-4306f87a3bcf.out
GET /status/6809ff7ee9f9bed10c8bbf10 4/24/2025, 2:38:17 PM
POST /problems/6801fca526bbb59562c82e24 4/24/2025, 2:38:36 PM
GET /status/6809ff94e9f9bed10c8bbf26 4/24/2025, 2:38:37 PM
Unlinked : 847b9317-e731-4851-b7ea-91ed2b0fcdd4.cpp
GET /status/6809ff94e9f9bed10c8bbf26 4/24/2025, 2:38:38 PM
In undefined env !
Redis version greater than or equal to 2.8.18 Required !
Server running on PORT 5000 4/24/2025, 2:39:21 PM
Deleted(stopped) : py-oj-container

Deleted(stopped) : java-oj-container

Deleted(stopped) : gcc-oj-container

Database Connected !!!
In undefined env !
Redis version greater than or equal to 2.8.18 Required !
Server running on PORT 5000 4/24/2025, 2:39:57 PM
Deleted(stopped) : gcc-oj-container

Deleted(stopped) : js-oj-container

Database Connected !!!
GET /loggedIn 4/24/2025, 2:40:17 PM
GET /problems 4/24/2025, 2:40:17 PM
POST /problems/6801fca526bbb59562c82e24 4/24/2025, 2:40:22 PM
Unlinked : 60b52234-9736-4d1b-88ea-f56a215bc7a5.cpp
GET /status/6809fffea6121db5e163df0e 4/24/2025, 2:40:23 PM
POST /problems/6801fca526bbb59562c82e24 4/24/2025, 2:40:37 PM
Unlinked : 7e173f5d-3468-47c8-9c21-7fa97faca604.cpp
GET /status/680a000da6121db5e163df1c 4/24/2025, 2:40:38 PM
POST /problems/6801fca526bbb59562c82e24 4/24/2025, 2:41:31 PM
Unlinked : d345b8a6-3bd9-42e1-bfec-97f4f76f1568.cpp
GET /status/680a0044a6121db5e163df2a 4/24/2025, 2:41:33 PM
GET /loggedIn 4/24/2025, 2:42:17 PM
GET /problems 4/24/2025, 2:42:17 PM
GET /loggedIn 4/24/2025, 2:42:34 PM
GET /problems 4/24/2025, 2:42:34 PM
GET /loggedIn 4/24/2025, 2:42:35 PM
GET /problems 4/24/2025, 2:42:35 PM
GET /loggedIn 4/24/2025, 2:42:45 PM
GET /problems 4/24/2025, 2:42:45 PM
GET /loggedIn 4/24/2025, 2:42:50 PM
GET /problems 4/24/2025, 2:42:50 PM
POST /problems/6801fca526bbb59562c82e24 4/24/2025, 2:42:55 PM
Unlinked : fd650ae9-b29d-4f52-9e96-625fb15fe167.cpp
GET /status/680a0097a6121db5e163df56 4/24/2025, 2:42:57 PM
GET /loggedIn 4/24/2025, 2:43:10 PM
GET /problems 4/24/2025, 2:43:10 PM
POST /problems/6801fca526bbb59562c82e24 4/24/2025, 2:43:13 PM
Unlinked : f5fe7827-68b4-489a-8bc0-33a4854a97cf.cpp
GET /status/680a00a9a6121db5e163df6a 4/24/2025, 2:43:14 PM
POST /problems/6801fca526bbb59562c82e24 4/24/2025, 2:44:57 PM
Unlinked : 64af5820-0200-4772-92f0-826a6f34aaa9.cpp
GET /status/680a0111a6121db5e163df78 4/24/2025, 2:44:58 PM
In undefined env !
Redis version greater than or equal to 2.8.18 Required !
Server running on PORT 5000 4/24/2025, 2:48:09 PM
Deleted(stopped) : java-oj-container

Deleted(stopped) : py-oj-container

Database Connected !!!
GET /loggedIn 4/24/2025, 2:48:16 PM
GET /problems 4/24/2025, 2:48:16 PM
POST /problems/6801fca526bbb59562c82e24 4/24/2025, 2:48:19 PM
GET /status/680a01dc5ae13f5bb57fb617 4/24/2025, 2:48:21 PM
Unlinked : 5cc36de5-2bfd-4651-9e10-784eecae2817.cpp
Unlinked : 5cc36de5-2bfd-4651-9e10-784eecae2817.out
GET /status/680a01dc5ae13f5bb57fb617 4/24/2025, 2:48:22 PM
POST /problems/6801fca526bbb59562c82e24 4/24/2025, 2:48:48 PM
GET /status/680a01f85ae13f5bb57fb62a 4/24/2025, 2:48:49 PM
Unlinked : 127c2fe7-8f53-41e1-a274-ab66c1750920.cpp
Unlinked : 127c2fe7-8f53-41e1-a274-ab66c1750920.out
GET /status/680a01f85ae13f5bb57fb62a 4/24/2025, 2:48:50 PM
POST /problems/6801fca526bbb59562c82e24 4/24/2025, 2:49:26 PM
GET /status/680a021e5ae13f5bb57fb63d 4/24/2025, 2:49:27 PM
GET /status/680a021e5ae13f5bb57fb63d 4/24/2025, 2:49:28 PM
Unlinked : 270d8ef9-a276-4621-b896-7a80c1a8ef9d.cpp
Unlinked : 270d8ef9-a276-4621-b896-7a80c1a8ef9d.out
GET /status/680a021e5ae13f5bb57fb63d 4/24/2025, 2:49:29 PM
GET /loggedIn 4/24/2025, 2:50:08 PM
GET /problems 4/24/2025, 2:50:08 PM
In undefined env !
Redis version greater than or equal to 2.8.18 Required !
Server running on PORT 5000 4/24/2025, 2:50:46 PM
Deleted(stopped) : js-oj-container

Deleted(stopped) : gcc-oj-container

Deleted(stopped) : py-oj-container

Database Connected !!!
GET /loggedIn 4/24/2025, 2:50:48 PM
GET /problems 4/24/2025, 2:50:48 PM
GET /problems 4/24/2025, 2:50:49 PM
GET /problems 4/24/2025, 2:50:49 PM
GET /loggedIn 4/24/2025, 2:50:49 PM
GET /loggedIn 4/24/2025, 2:50:49 PM
POST /problems/6801fca526bbb59562c82e24 4/24/2025, 2:51:01 PM
GET /status/680a027df2011793e4dd21cb 4/24/2025, 2:51:02 PM
GET /status/680a027df2011793e4dd21cb 4/24/2025, 2:51:03 PM
Unlinked : 673aa318-2756-43f1-9bb0-2f3705ceae24.cpp
Unlinked : 673aa318-2756-43f1-9bb0-2f3705ceae24.out
GET /allNotes 4/24/2025, 2:51:17 PM
GET /680209a962fda022b46e3001?noteid=680209a962fda022b46e3005 4/24/2025, 2:51:19 PM
Note:  Sample Note
In undefined env !
Redis version greater than or equal to 2.8.18 Required !
Server running on PORT 5000 4/24/2025, 3:09:39 PM
Deleted(stopped) : js-oj-container

Deleted(stopped) : java-oj-container

Deleted(stopped) : gcc-oj-container

Database Connected !!!
GET /loggedIn 4/24/2025, 3:10:05 PM
GET /problems 4/24/2025, 3:10:05 PM
POST /login 4/24/2025, 3:10:12 PM
GET /loggedIn 4/24/2025, 3:10:13 PM
POST /login 4/24/2025, 3:10:23 PM
GET /loggedIn 4/24/2025, 3:10:23 PM
POST /problems/6801fca526bbb59562c82e24 4/24/2025, 3:10:34 PM
Unlinked : 2cd20d17-c116-40a8-a91c-9af20d92b68a.cpp
GET /status/680a0713d2a22eaafac43ca0 4/24/2025, 3:10:36 PM
POST /problems/6801fca526bbb59562c82e24 4/24/2025, 3:10:39 PM
Unlinked : 7b276277-6daf-4002-9a17-89d0904d679b.cpp
GET /status/680a0718d2a22eaafac43cae 4/24/2025, 3:10:41 PM
POST /problems/6801fca526bbb59562c82e24 4/24/2025, 3:10:58 PM
Unlinked : 5966d298-d355-47d0-bde9-160dd9947452.c
GET /status/680a072ad2a22eaafac43cbc 4/24/2025, 3:11:00 PM
POST /problems/6801fca526bbb59562c82e24 4/24/2025, 3:11:09 PM
Unlinked : 880472e3-18b6-4ace-8e0b-af3663bdc10c.cpp
GET /status/680a0735d2a22eaafac43cca 4/24/2025, 3:11:10 PM
In undefined env !
Redis version greater than or equal to 2.8.18 Required !
Server running on PORT 5000 4/24/2025, 3:11:44 PM
Deleted(stopped) : py-oj-container

Database Connected !!!
GET /loggedIn 4/24/2025, 3:11:47 PM
GET /problems 4/24/2025, 3:11:47 PM
POST /problems/6801fca526bbb59562c82e24 4/24/2025, 3:11:50 PM
GET /status/680a075e981c6d08021c4196 4/24/2025, 3:11:51 PM
GET /status/680a075e981c6d08021c4196 4/24/2025, 3:11:52 PM
Unlinked : 85610f27-0872-48f3-bda1-bbc4830c4785.cpp
Unlinked : 85610f27-0872-48f3-bda1-bbc4830c4785.out
GET /status/680a075e981c6d08021c4196 4/24/2025, 3:11:53 PM
In undefined env !
Redis version greater than or equal to 2.8.18 Required !
Server running on PORT 5000 4/24/2025, 3:13:11 PM
Deleted(stopped) : gcc-oj-container

Deleted(stopped) : js-oj-container

Deleted(stopped) : java-oj-container

Database Connected !!!
GET /loggedIn 4/24/2025, 3:13:18 PM
GET /problems 4/24/2025, 3:13:18 PM
POST /problems/6801fca526bbb59562c82e24 4/24/2025, 3:13:22 PM
GET /status/680a07ba6c0ae2149d4f7a61 4/24/2025, 3:13:23 PM
GET /status/680a07ba6c0ae2149d4f7a61 4/24/2025, 3:13:24 PM
Unlinked : 91b63c31-e98c-4a1f-a7bf-6c798082b216.cpp
Unlinked : 91b63c31-e98c-4a1f-a7bf-6c798082b216.out
GET /status/680a07ba6c0ae2149d4f7a61 4/24/2025, 3:13:25 PM
In undefined env !
Redis version greater than or equal to 2.8.18 Required !
Server running on PORT 5000 4/24/2025, 3:14:19 PM
Deleted(stopped) : gcc-oj-container

Deleted(stopped) : py-oj-container

Deleted(stopped) : js-oj-container

Database Connected !!!
GET /problems 4/24/2025, 3:14:27 PM
GET /loggedIn 4/24/2025, 3:14:27 PM
POST /problems/6801fca526bbb59562c82e24 4/24/2025, 3:14:29 PM
GET /status/680a07fd3476b5b5540c1d7f 4/24/2025, 3:14:31 PM
GET /status/680a07fd3476b5b5540c1d7f 4/24/2025, 3:14:32 PM
Unlinked : 7db2bfb3-5e3b-470a-b8ce-0a1efa22d18c.cpp
Unlinked : 7db2bfb3-5e3b-470a-b8ce-0a1efa22d18c.out
In undefined env !
Redis version greater than or equal to 2.8.18 Required !
Server running on PORT 5000 4/24/2025, 3:14:53 PM
Deleted(stopped) : gcc-oj-container

Deleted(stopped) : java-oj-container

Database Connected !!!
GET /problems 4/24/2025, 3:14:59 PM
GET /loggedIn 4/24/2025, 3:14:59 PM
POST /problems/6801fca526bbb59562c82e24 4/24/2025, 3:15:02 PM
Unlinked : 56b760f2-e277-4b8c-b11e-8df64b4a624f.cpp
GET /status/680a081e644071eb371cac2f 4/24/2025, 3:15:03 PM
In undefined env !
Redis version greater than or equal to 2.8.18 Required !
Server running on PORT 5000 4/24/2025, 3:15:48 PM
Deleted(stopped) : js-oj-container

Deleted(stopped) : py-oj-container

Database Connected !!!
GET /loggedIn 4/24/2025, 3:15:53 PM
GET /problems 4/24/2025, 3:15:53 PM
POST /problems/680a0519c0f8d5924831c860 4/24/2025, 3:16:15 PM
GET /status/680a0867720692b33a254262 4/24/2025, 3:16:16 PM
GET /status/680a0867720692b33a254262 4/24/2025, 3:16:17 PM
Unlinked : 0149ffc7-aa7a-4abf-87fb-4431d7152502.cpp
Unlinked : 0149ffc7-aa7a-4abf-87fb-4431d7152502.out
GET /status/680a0867720692b33a254262 4/24/2025, 3:16:18 PM
